<?xml version="1.0" encoding="UTF-8"?>
<testsuite name="com.demoqa.FirstJUnitTest" tests="2" skipped="0" failures="0" errors="0" timestamp="2023-03-27T18:08:32" hostname="Dmitriis-MacBook-Pro.local" time="0.024">
  <properties/>
  <testcase name="firstTest()" classname="com.demoqa.FirstJUnitTest" time="0.02"/>
  <testcase name="secondTest()" classname="com.demoqa.FirstJUnitTest" time="0.002"/>
  <system-out><![CDATA[#### @beforeAll
    #### @BeforeEach
        #### @Test firstTest()
    #### @AfterEach
    #### @BeforeEach
        #### @Test secondTest()
    #### @AfterEach
#### @AfterAll
]]></system-out>
  <system-err><![CDATA[]]></system-err>
</testsuite>
